This is pdfTeX, Version 3.141592653-2.6-1.40.28 (TeX Live 2025) (preloaded format=pdflatex 2026.1.31)  24 FEB 2026 23:30
entering extended mode
 restricted \write18 enabled.
 %&-line parsing enabled.
**main.tex
(./main.tex
LaTeX2e <2025-11-01>
L3 programming layer <2026-01-19>
(/Users/bmhi/Library/TinyTeX/texmf-dist/tex/latex/base/article.cls
Document Class: article 2025/01/22 v1.4n Standard LaTeX document class
(/Users/bmhi/Library/TinyTeX/texmf-dist/tex/latex/base/size11.clo
File: size11.clo 2025/01/22 v1.4n Standard LaTeX file (size option)
)
\c@part=\count275
\c@section=\count276
\c@subsection=\count277
\c@subsubsection=\count278
\c@paragraph=\count279
\c@subparagraph=\count280
\c@figure=\count281
\c@table=\count282
\abovecaptionskip=\skip49
\belowcaptionskip=\skip50
\bibindent=\dimen148
) (/Users/bmhi/Library/TinyTeX/texmf-dist/tex/latex/base/inputenc.sty
Package: inputenc 2024/02/08 v1.3d Input encoding file
\inpenc@prehook=\toks17
\inpenc@posthook=\toks18
) (/Users/bmhi/Library/TinyTeX/texmf-dist/tex/latex/base/fontenc.sty
Package: fontenc 2025/07/18 v2.1d Standard LaTeX package
) (/Users/bmhi/Library/TinyTeX/texmf-dist/tex/latex/lm/lmodern.sty
Package: lmodern 2015/05/01 v1.6.1 Latin Modern Fonts
LaTeX Font Info:    Overwriting symbol font `operators' in version `normal'
(Font)                  OT1/cmr/m/n --> OT1/lmr/m/n on input line 22.
LaTeX Font Info:    Overwriting symbol font `letters' in version `normal'
(Font)                  OML/cmm/m/it --> OML/lmm/m/it on input line 23.
LaTeX Font Info:    Overwriting symbol font `symbols' in version `normal'
(Font)                  OMS/cmsy/m/n --> OMS/lmsy/m/n on input line 24.
LaTeX Font Info:    Overwriting symbol font `largesymbols' in version `normal'
(Font)                  OMX/cmex/m/n --> OMX/lmex/m/n on input line 25.
LaTeX Font Info:    Overwriting symbol font `operators' in version `bold'
(Font)                  OT1/cmr/bx/n --> OT1/lmr/bx/n on input line 26.
LaTeX Font Info:    Overwriting symbol font `letters' in version `bold'
(Font)                  OML/cmm/b/it --> OML/lmm/b/it on input line 27.
LaTeX Font Info:    Overwriting symbol font `symbols' in version `bold'
(Font)                  OMS/cmsy/b/n --> OMS/lmsy/b/n on input line 28.
LaTeX Font Info:    Overwriting symbol font `largesymbols' in version `bold'
(Font)                  OMX/cmex/m/n --> OMX/lmex/m/n on input line 29.
LaTeX Font Info:    Overwriting math alphabet `\mathbf' in version `normal'
(Font)                  OT1/cmr/bx/n --> OT1/lmr/bx/n on input line 31.
LaTeX Font Info:    Overwriting math alphabet `\mathsf' in version `normal'
(Font)                  OT1/cmss/m/n --> OT1/lmss/m/n on input line 32.
LaTeX Font Info:    Overwriting math alphabet `\mathit' in version `normal'
(Font)                  OT1/cmr/m/it --> OT1/lmr/m/it on input line 33.
LaTeX Font Info:    Overwriting math alphabet `\mathtt' in version `normal'
(Font)                  OT1/cmtt/m/n --> OT1/lmtt/m/n on input line 34.
LaTeX Font Info:    Overwriting math alphabet `\mathbf' in version `bold'
(Font)                  OT1/cmr/bx/n --> OT1/lmr/bx/n on input line 35.
LaTeX Font Info:    Overwriting math alphabet `\mathsf' in version `bold'
(Font)                  OT1/cmss/bx/n --> OT1/lmss/bx/n on input line 36.
LaTeX Font Info:    Overwriting math alphabet `\mathit' in version `bold'
(Font)                  OT1/cmr/bx/it --> OT1/lmr/bx/it on input line 37.
LaTeX Font Info:    Overwriting math alphabet `\mathtt' in version `bold'
(Font)                  OT1/cmtt/m/n --> OT1/lmtt/m/n on input line 38.
) (/Users/bmhi/Library/TinyTeX/texmf-dist/tex/latex/microtype/microtype.sty
Package: microtype 2025/07/09 v3.2b Micro-typographical refinements (RS)
 (/Users/bmhi/Library/TinyTeX/texmf-dist/tex/latex/graphics/keyval.sty
Package: keyval 2022/05/29 v1.15 key=value parser (DPC)
\KV@toks@=\toks19
) (/Users/bmhi/Library/TinyTeX/texmf-dist/tex/latex/etoolbox/etoolbox.sty
Package: etoolbox 2025/10/02 v2.5m e-TeX tools for LaTeX (JAW)
\etb@tempcnta=\count283
)
\MT@toks=\toks20
\MT@tempbox=\box53
\MT@count=\count284
LaTeX Info: Redefining \noprotrusionifhmode on input line 1087.
LaTeX Info: Redefining \leftprotrusion on input line 1088.
\MT@prot@toks=\toks21
LaTeX Info: Redefining \rightprotrusion on input line 1107.
LaTeX Info: Redefining \textls on input line 1449.
\MT@outer@kern=\dimen149
LaTeX Info: Redefining \microtypecontext on input line 2053.
LaTeX Info: Redefining \textmicrotypecontext on input line 2070.
\MT@listname@count=\count285
 (/Users/bmhi/Library/TinyTeX/texmf-dist/tex/latex/microtype/microtype-pdftex.def
File: microtype-pdftex.def 2025/07/09 v3.2b Definitions specific to pdftex (RS)
LaTeX Info: Redefining \lsstyle on input line 944.
LaTeX Info: Redefining \lslig on input line 944.
\MT@outer@space=\skip51
)
Package microtype Info: Loading configuration file microtype.cfg.
 (/Users/bmhi/Library/TinyTeX/texmf-dist/tex/latex/microtype/microtype.cfg
File: microtype.cfg 2025/07/09 v3.2b microtype main configuration file (RS)
)
LaTeX Info: Redefining \microtypesetup on input line 3065.
) (/Users/bmhi/Library/TinyTeX/texmf-dist/tex/latex/graphics/graphicx.sty
Package: graphicx 2024/12/31 v1.2e Enhanced LaTeX Graphics (DPC,SPQR)
 (/Users/bmhi/Library/TinyTeX/texmf-dist/tex/latex/graphics/graphics.sty
Package: graphics 2024/08/06 v1.4g Standard LaTeX Graphics (DPC,SPQR)
 (/Users/bmhi/Library/TinyTeX/texmf-dist/tex/latex/graphics/trig.sty
Package: trig 2023/12/02 v1.11 sin cos tan (DPC)
) (/Users/bmhi/Library/TinyTeX/texmf-dist/tex/latex/graphics-cfg/graphics.cfg
File: graphics.cfg 2016/06/04 v1.11 sample graphics configuration
)
Package graphics Info: Driver file: pdftex.def on input line 106.
 (/Users/bmhi/Library/TinyTeX/texmf-dist/tex/latex/graphics-def/pdftex.def
File: pdftex.def 2025/09/29 v1.2d Graphics/color driver for pdftex
))
\Gin@req@height=\dimen150
\Gin@req@width=\dimen151
) (/Users/bmhi/Library/TinyTeX/texmf-dist/tex/latex/booktabs/booktabs.sty
Package: booktabs 2020/01/12 v1.61803398 Publication quality tables
\heavyrulewidth=\dimen152
\lightrulewidth=\dimen153
\cmidrulewidth=\dimen154
\belowrulesep=\dimen155
\belowbottomsep=\dimen156
\aboverulesep=\dimen157
\abovetopsep=\dimen158
\cmidrulesep=\dimen159
\cmidrulekern=\dimen160
\defaultaddspace=\dimen161
\@cmidla=\count286
\@cmidlb=\count287
\@aboverulesep=\dimen162
\@belowrulesep=\dimen163
\@thisruleclass=\count288
\@lastruleclass=\count289
\@thisrulewidth=\dimen164
) (/Users/bmhi/Library/TinyTeX/texmf-dist/tex/latex/tools/longtable.sty
Package: longtable 2025-10-13 v4.24 Multi-page Table package (DPC)
\LTleft=\skip52
\LTright=\skip53
\LTpre=\skip54
\LTpost=\skip55
\LTchunksize=\count290
\LTcapwidth=\dimen165
\LT@head=\box54
\LT@firsthead=\box55
\LT@foot=\box56
\LT@lastfoot=\box57
\LT@gbox=\box58
\LT@cols=\count291
\LT@rows=\count292
\c@LT@tables=\count293
\c@LT@chunks=\count294
\LT@p@ftn=\toks22
) (/Users/bmhi/Library/TinyTeX/texmf-dist/tex/latex/tools/array.sty
Package: array 2025/09/25 v2.6n Tabular extension package (FMi)
\col@sep=\dimen166
\ar@mcellbox=\box59
\extrarowheight=\dimen167
\NC@list=\toks23
\extratabsurround=\skip56
\backup@length=\skip57
\ar@cellbox=\box60
) (/Users/bmhi/Library/TinyTeX/texmf-dist/tex/latex/multirow/multirow.sty
Package: multirow 2024/11/12 v2.9 Span multiple rows of a table
\multirow@colwidth=\skip58
\multirow@cntb=\count295
\multirow@dima=\skip59
\bigstrutjot=\dimen168
) (/Users/bmhi/Library/TinyTeX/texmf-dist/tex/latex/hyperref/hyperref.sty
Package: hyperref 2026-01-29 v7.01p Hypertext links for LaTeX
 (/Users/bmhi/Library/TinyTeX/texmf-dist/tex/generic/iftex/iftex.sty
Package: iftex 2024/12/12 v1.0g TeX engine tests
) (/Users/bmhi/Library/TinyTeX/texmf-dist/tex/latex/kvsetkeys/kvsetkeys.sty
Package: kvsetkeys 2022-10-05 v1.19 Key value parser (HO)
) (/Users/bmhi/Library/TinyTeX/texmf-dist/tex/generic/kvdefinekeys/kvdefinekeys.sty
Package: kvdefinekeys 2019-12-19 v1.6 Define keys (HO)
) (/Users/bmhi/Library/TinyTeX/texmf-dist/tex/generic/pdfescape/pdfescape.sty
Package: pdfescape 2019/12/09 v1.15 Implements pdfTeX's escape features (HO)
 (/Users/bmhi/Library/TinyTeX/texmf-dist/tex/generic/ltxcmds/ltxcmds.sty
Package: ltxcmds 2023-12-04 v1.26 LaTeX kernel commands for general use (HO)
) (/Users/bmhi/Library/TinyTeX/texmf-dist/tex/generic/pdftexcmds/pdftexcmds.sty
Package: pdftexcmds 2020-06-27 v0.33 Utility functions of pdfTeX for LuaTeX (HO)
 (/Users/bmhi/Library/TinyTeX/texmf-dist/tex/generic/infwarerr/infwarerr.sty
Package: infwarerr 2019/12/03 v1.5 Providing info/warning/error messages (HO)
)
Package pdftexcmds Info: \pdf@primitive is available.
Package pdftexcmds Info: \pdf@ifprimitive is available.
Package pdftexcmds Info: \pdfdraftmode found.
)) (/Users/bmhi/Library/TinyTeX/texmf-dist/tex/latex/hycolor/hycolor.sty
Package: hycolor 2020-01-27 v1.10 Color options for hyperref/bookmark (HO)
) (/Users/bmhi/Library/TinyTeX/texmf-dist/tex/latex/hyperref/nameref.sty
Package: nameref 2026-01-29 v2.58 Cross-referencing by name of section
 (/Users/bmhi/Library/TinyTeX/texmf-dist/tex/latex/refcount/refcount.sty
Package: refcount 2019/12/15 v3.6 Data extraction from label references (HO)
) (/Users/bmhi/Library/TinyTeX/texmf-dist/tex/generic/gettitlestring/gettitlestring.sty
Package: gettitlestring 2019/12/15 v1.6 Cleanup title references (HO)
 (/Users/bmhi/Library/TinyTeX/texmf-dist/tex/latex/kvoptions/kvoptions.sty
Package: kvoptions 2022-06-15 v3.15 Key value format for package options (HO)
))
\c@section@level=\count296
) (/Users/bmhi/Library/TinyTeX/texmf-dist/tex/generic/stringenc/stringenc.sty
Package: stringenc 2019/11/29 v1.12 Convert strings between diff. encodings (HO)
)
\@linkdim=\dimen169
\Hy@linkcounter=\count297
\Hy@pagecounter=\count298
 (/Users/bmhi/Library/TinyTeX/texmf-dist/tex/latex/hyperref/pd1enc.def
File: pd1enc.def 2026-01-29 v7.01p Hyperref: PDFDocEncoding definition (HO)
Now handling font encoding PD1 ...
... no UTF-8 mapping file for font encoding PD1
) (/Users/bmhi/Library/TinyTeX/texmf-dist/tex/generic/intcalc/intcalc.sty
Package: intcalc 2019/12/15 v1.3 Expandable calculations with integers (HO)
)
\Hy@SavedSpaceFactor=\count299
 (/Users/bmhi/Library/TinyTeX/texmf-dist/tex/latex/hyperref/puenc.def
File: puenc.def 2026-01-29 v7.01p Hyperref: PDF Unicode definition (HO)
Now handling font encoding PU ...
... no UTF-8 mapping file for font encoding PU
)
Package hyperref Info: Hyper figures OFF on input line 4201.
Package hyperref Info: Link nesting OFF on input line 4206.
Package hyperref Info: Hyper index ON on input line 4209.
Package hyperref Info: Plain pages OFF on input line 4216.
Package hyperref Info: Backreferencing OFF on input line 4221.
Package hyperref Info: Implicit mode ON; LaTeX internals redefined.
Package hyperref Info: Bookmarks ON on input line 4468.
\c@Hy@tempcnt=\count300
 (/Users/bmhi/Library/TinyTeX/texmf-dist/tex/latex/url/url.sty
\Urlmuskip=\muskip17
Package: url 2013/09/16  ver 3.4  Verb mode for urls, etc.
)
LaTeX Info: Redefining \url on input line 4807.
\XeTeXLinkMargin=\dimen170
 (/Users/bmhi/Library/TinyTeX/texmf-dist/tex/generic/bitset/bitset.sty
Package: bitset 2019/12/09 v1.3 Handle bit-vector datatype (HO)
 (/Users/bmhi/Library/TinyTeX/texmf-dist/tex/generic/bigintcalc/bigintcalc.sty
Package: bigintcalc 2019/12/15 v1.5 Expandable calculations on big integers (HO)
))
\Fld@menulength=\count301
\Field@Width=\dimen171
\Fld@charsize=\dimen172
Package hyperref Info: Hyper figures OFF on input line 6084.
Package hyperref Info: Link nesting OFF on input line 6089.
Package hyperref Info: Hyper index ON on input line 6092.
Package hyperref Info: backreferencing OFF on input line 6099.
Package hyperref Info: Link coloring OFF on input line 6104.
Package hyperref Info: Link coloring with OCG OFF on input line 6109.
Package hyperref Info: PDF/A mode OFF on input line 6114.
\Hy@abspage=\count302
\c@Item=\count303
\c@Hfootnote=\count304
)
Package hyperref Info: Driver (autodetected): hpdftex.
 (/Users/bmhi/Library/TinyTeX/texmf-dist/tex/latex/hyperref/hpdftex.def
File: hpdftex.def 2026-01-29 v7.01p Hyperref driver for pdfTeX
\Fld@listcount=\count305
\c@bookmark@seq@number=\count306
 (/Users/bmhi/Library/TinyTeX/texmf-dist/tex/latex/rerunfilecheck/rerunfilecheck.sty
Package: rerunfilecheck 2025-06-21 v1.11 Rerun checks for auxiliary files (HO)
 (/Users/bmhi/Library/TinyTeX/texmf-dist/tex/generic/uniquecounter/uniquecounter.sty
Package: uniquecounter 2019/12/15 v1.4 Provide unlimited unique counter (HO)
)
Package uniquecounter Info: New unique counter `rerunfilecheck' on input line 284.
)
\Hy@SectionHShift=\skip60
) (/Users/bmhi/Library/TinyTeX/texmf-dist/tex/latex/xcolor/xcolor.sty
Package: xcolor 2024/09/29 v3.02 LaTeX color extensions (UK)
 (/Users/bmhi/Library/TinyTeX/texmf-dist/tex/latex/graphics-cfg/color.cfg
File: color.cfg 2016/01/02 v1.6 sample color configuration
)
Package xcolor Info: Driver file: pdftex.def on input line 274.
 (/Users/bmhi/Library/TinyTeX/texmf-dist/tex/latex/graphics/mathcolor.ltx)
Package xcolor Info: Model `cmy' substituted by `cmy0' on input line 1349.
Package xcolor Info: Model `hsb' substituted by `rgb' on input line 1353.
Package xcolor Info: Model `RGB' extended on input line 1365.
Package xcolor Info: Model `HTML' substituted by `rgb' on input line 1367.
Package xcolor Info: Model `Hsb' substituted by `hsb' on input line 1368.
Package xcolor Info: Model `tHsb' substituted by `hsb' on input line 1369.
Package xcolor Info: Model `HSB' substituted by `hsb' on input line 1370.
Package xcolor Info: Model `Gray' substituted by `gray' on input line 1371.
Package xcolor Info: Model `wave' substituted by `hsb' on input line 1372.
) (/Users/bmhi/Library/TinyTeX/texmf-dist/tex/latex/listings/listings.sty
\lst@mode=\count307
\lst@gtempboxa=\box61
\lst@token=\toks24
\lst@length=\count308
\lst@currlwidth=\dimen173
\lst@column=\count309
\lst@pos=\count310
\lst@lostspace=\dimen174
\lst@width=\dimen175
\lst@newlines=\count311
\lst@lineno=\count312
\lst@maxwidth=\dimen176
 (/Users/bmhi/Library/TinyTeX/texmf-dist/tex/latex/listings/lstpatch.sty
File: lstpatch.sty 2025/11/14 1.11b (Carsten Heinz)
) (/Users/bmhi/Library/TinyTeX/texmf-dist/tex/latex/listings/lstmisc.sty
File: lstmisc.sty 2025/11/14 1.11b (Carsten Heinz)
\c@lstnumber=\count313
\lst@skipnumbers=\count314
\lst@framebox=\box62
) (/Users/bmhi/Library/TinyTeX/texmf-dist/tex/latex/listings/listings.cfg
File: listings.cfg 2025/11/14 1.11b listings configuration
))
Package: listings 2025/11/14 1.11b (Carsten Heinz)

==> First Aid for listings.sty no longer applied!
    Expected:
        2024/09/23 1.10c (Carsten Heinz)
    but found:
        2025/11/14 1.11b (Carsten Heinz)
    so I'm assuming it got fixed.
(/Users/bmhi/Library/TinyTeX/texmf-dist/tex/latex/amsmath/amsmath.sty
Package: amsmath 2025/07/09 v2.17z AMS math features
\@mathmargin=\skip61

For additional information on amsmath, use the `?' option.
(/Users/bmhi/Library/TinyTeX/texmf-dist/tex/latex/amsmath/amstext.sty
Package: amstext 2024/11/17 v2.01 AMS text
 (/Users/bmhi/Library/TinyTeX/texmf-dist/tex/latex/amsmath/amsgen.sty
File: amsgen.sty 1999/11/30 v2.0 generic functions
\@emptytoks=\toks25
\ex@=\dimen177
)) (/Users/bmhi/Library/TinyTeX/texmf-dist/tex/latex/amsmath/amsbsy.sty
Package: amsbsy 1999/11/29 v1.2d Bold Symbols
\pmbraise@=\dimen178
) (/Users/bmhi/Library/TinyTeX/texmf-dist/tex/latex/amsmath/amsopn.sty
Package: amsopn 2022/04/08 v2.04 operator names
)
\inf@bad=\count315
LaTeX Info: Redefining \frac on input line 233.
\uproot@=\count316
\leftroot@=\count317
LaTeX Info: Redefining \overline on input line 398.
LaTeX Info: Redefining \colon on input line 409.
\classnum@=\count318
\DOTSCASE@=\count319
LaTeX Info: Redefining \ldots on input line 495.
LaTeX Info: Redefining \dots on input line 498.
LaTeX Info: Redefining \cdots on input line 619.
\Mathstrutbox@=\box63
\strutbox@=\box64
LaTeX Info: Redefining \big on input line 721.
LaTeX Info: Redefining \Big on input line 722.
LaTeX Info: Redefining \bigg on input line 723.
LaTeX Info: Redefining \Bigg on input line 724.
\big@size=\dimen179
LaTeX Font Info:    Redeclaring font encoding OML on input line 742.
LaTeX Font Info:    Redeclaring font encoding OMS on input line 743.
\macc@depth=\count320
LaTeX Info: Redefining \bmod on input line 904.
LaTeX Info: Redefining \pmod on input line 909.
LaTeX Info: Redefining \smash on input line 939.
LaTeX Info: Redefining \relbar on input line 969.
LaTeX Info: Redefining \Relbar on input line 970.
\c@MaxMatrixCols=\count321
\dotsspace@=\muskip18
\c@parentequation=\count322
\dspbrk@lvl=\count323
\tag@help=\toks26
\row@=\count324
\column@=\count325
\maxfields@=\count326
\andhelp@=\toks27
\eqnshift@=\dimen180
\alignsep@=\dimen181
\tagshift@=\dimen182
\tagwidth@=\dimen183
\totwidth@=\dimen184
\lineht@=\dimen185
\@envbody=\toks28
\multlinegap=\skip62
\multlinetaggap=\skip63
\mathdisplay@stack=\toks29
LaTeX Info: Redefining \[ on input line 2950.
LaTeX Info: Redefining \] on input line 2951.
) (/Users/bmhi/Library/TinyTeX/texmf-dist/tex/latex/amsfonts/amssymb.sty
Package: amssymb 2013/01/14 v3.01 AMS font symbols
 (/Users/bmhi/Library/TinyTeX/texmf-dist/tex/latex/amsfonts/amsfonts.sty
Package: amsfonts 2013/01/14 v3.01 Basic AMSFonts support
\symAMSa=\mathgroup4
\symAMSb=\mathgroup5
LaTeX Font Info:    Redeclaring math symbol \hbar on input line 98.
LaTeX Font Info:    Overwriting math alphabet `\mathfrak' in version `bold'
(Font)                  U/euf/m/n --> U/euf/b/n on input line 106.
)) (/Users/bmhi/Library/TinyTeX/texmf-dist/tex/latex/geometry/geometry.sty
Package: geometry 2020/01/02 v5.9 Page Geometry
 (/Users/bmhi/Library/TinyTeX/texmf-dist/tex/generic/iftex/ifvtex.sty
Package: ifvtex 2019/10/25 v1.7 ifvtex legacy package. Use iftex instead.
)
\Gm@cnth=\count327
\Gm@cntv=\count328
\c@Gm@tempcnt=\count329
\Gm@bindingoffset=\dimen186
\Gm@wd@mp=\dimen187
\Gm@odd@mp=\dimen188
\Gm@even@mp=\dimen189
\Gm@layoutwidth=\dimen190
\Gm@layoutheight=\dimen191
\Gm@layouthoffset=\dimen192
\Gm@layoutvoffset=\dimen193
\Gm@dimlist=\toks30
) (/Users/bmhi/Library/TinyTeX/texmf-dist/tex/latex/natbib/natbib.sty
Package: natbib 2010/09/13 8.31b (PWD, AO)
\bibhang=\skip64
\bibsep=\skip65
LaTeX Info: Redefining \cite on input line 694.
\c@NAT@ctr=\count330
) (/Users/bmhi/Library/TinyTeX/texmf-dist/tex/latex/preprint/authblk.sty
Package: authblk 2001/02/27 1.3 (PWD)
\affilsep=\skip66
\@affilsep=\skip67
\c@Maxaffil=\count331
\c@authors=\count332
\c@affil=\count333
) (/Users/bmhi/Library/TinyTeX/texmf-dist/tex/latex/lineno/lineno.sty
Package: lineno 2025/05/13 line numbers on paragraphs v5.5
\linenopenalty=\count334
\output=\toks31
\linenoprevgraf=\count335
\linenumbersep=\dimen194
\linenumberwidth=\dimen195
\c@linenumber=\count336
\c@pagewiselinenumber=\count337
\c@LN@truepage=\count338
\c@internallinenumber=\count339
\c@internallinenumbers=\count340
\quotelinenumbersep=\dimen196
\bframerule=\dimen197
\bframesep=\dimen198
\bframebox=\box65
\@LN@amsmath@ams@eqpen=\count341
) (/Users/bmhi/Library/TinyTeX/texmf-dist/tex/latex/float/float.sty
Package: float 2001/11/08 v1.3d Float enhancements (AL)
\c@float@type=\count342
\float@exts=\toks32
\float@box=\box66
\@float@everytoks=\toks33
\@floatcapt=\box67
)
Package hyperref Info: Option `colorlinks' set `true' on input line 36.
 (/Users/bmhi/Library/TinyTeX/texmf-dist/tex/latex/listings/lstlang1.sty
File: lstlang1.sty 2025/11/14 1.11b listings language file
) (/Users/bmhi/Library/TinyTeX/texmf-dist/tex/latex/listings/lstlang2.sty
File: lstlang2.sty 2025/11/14 1.11b listings language file
) (/Users/bmhi/Library/TinyTeX/texmf-dist/tex/latex/listings/lstlang3.sty
File: lstlang3.sty 2025/11/14 1.11b listings language file
)
LaTeX Font Info:    Trying to load font information for T1+lmr on input line 69.
 (/Users/bmhi/Library/TinyTeX/texmf-dist/tex/latex/lm/t1lmr.fd
File: t1lmr.fd 2015/05/01 v1.6.1 Font defs for Latin Modern
) (/Users/bmhi/Library/TinyTeX/texmf-dist/tex/latex/l3backend/l3backend-pdftex.def
File: l3backend-pdftex.def 2025-10-09 L3 backend support: PDF output (pdfTeX)
\l__color_backend_stack_int=\count343
) (./main.aux)
\openout1 = `main.aux'.

LaTeX Font Info:    Checking defaults for OML/cmm/m/it on input line 69.
LaTeX Font Info:    ... okay on input line 69.
LaTeX Font Info:    Checking defaults for OMS/cmsy/m/n on input line 69.
LaTeX Font Info:    ... okay on input line 69.
LaTeX Font Info:    Checking defaults for OT1/cmr/m/n on input line 69.
LaTeX Font Info:    ... okay on input line 69.
LaTeX Font Info:    Checking defaults for T1/cmr/m/n on input line 69.
LaTeX Font Info:    ... okay on input line 69.
LaTeX Font Info:    Checking defaults for TS1/cmr/m/n on input line 69.
LaTeX Font Info:    ... okay on input line 69.
LaTeX Font Info:    Checking defaults for OMX/cmex/m/n on input line 69.
LaTeX Font Info:    ... okay on input line 69.
LaTeX Font Info:    Checking defaults for U/cmr/m/n on input line 69.
LaTeX Font Info:    ... okay on input line 69.
LaTeX Font Info:    Checking defaults for PD1/pdf/m/n on input line 69.
LaTeX Font Info:    ... okay on input line 69.
LaTeX Font Info:    Checking defaults for PU/pdf/m/n on input line 69.
LaTeX Font Info:    ... okay on input line 69.
LaTeX Info: Redefining \microtypecontext on input line 69.
Package microtype Info: Applying patch `item' on input line 69.
Package microtype Info: Applying patch `toc' on input line 69.
Package microtype Info: Applying patch `eqnum' on input line 69.


Package microtype Warning: Unable to apply patch `footnote' on input line 69.

Package microtype Info: Applying patch `verbatim' on input line 69.
LaTeX Info: Redefining \microtypesetup on input line 69.
Package microtype Info: Generating PDF output.
Package microtype Info: Character protrusion enabled (level 2).
Package microtype Info: Using default protrusion set `alltext'.
Package microtype Info: Automatic font expansion enabled (level 2),
(microtype)             stretch: 20, shrink: 20, step: 1, non-selected.
Package microtype Info: Using default expansion set `alltext-nott'.
Package microtype Info: Patching command `\showhyphens'.
Package microtype Info: No adjustment of tracking.
Package microtype Info: No adjustment of interword spacing.
Package microtype Info: No adjustment of character kerning.
(/Users/bmhi/Library/TinyTeX/texmf-dist/tex/latex/microtype/mt-cmr.cfg
File: mt-cmr.cfg 2013/05/19 v2.2 microtype config. file: Computer Modern Roman (RS)
) (/Users/bmhi/Library/TinyTeX/texmf-dist/tex/latex/epstopdf-pkg/epstopdf-base.sty
Package: epstopdf-base 2020-01-24 v2.11 Base part for package epstopdf
Package epstopdf-base Info: Redefining graphics rule for `.eps' on input line 485.
 (/Users/bmhi/Library/TinyTeX/texmf-dist/tex/latex/latexconfig/epstopdf-sys.cfg
File: epstopdf-sys.cfg 2010/07/13 v1.3 Configuration of (r)epstopdf for TeX Live
))
Package hyperref Info: Link coloring ON on input line 69.
 (./main.out) (./main.out)
\@outlinefile=\write3
\openout3 = `main.out'.

\c@lstlisting=\count344

*geometry* driver: auto-detecting
*geometry* detected driver: pdftex
*geometry* verbose mode - [ preamble ] result:
* driver: pdftex
* paper: a4paper
* layout: <same size as paper>
* layoutoffset:(h,v)=(0.0pt,0.0pt)
* modes: 
* h-part:(L,W,R)=(71.13188pt, 455.24411pt, 71.13188pt)
* v-part:(T,H,B)=(71.13188pt, 702.78308pt, 71.13188pt)
* \paperwidth=597.50787pt
* \paperheight=845.04684pt
* \textwidth=455.24411pt
* \textheight=702.78308pt
* \oddsidemargin=-1.1381pt
* \evensidemargin=-1.1381pt
* \topmargin=-38.1381pt
* \headheight=12.0pt
* \headsep=25.0pt
* \topskip=11.0pt
* \footskip=30.0pt
* \marginparwidth=50.0pt
* \marginparsep=10.0pt
* \columnsep=10.0pt
* \skip\footins=10.0pt plus 4.0pt minus 2.0pt
* \hoffset=0.0pt
* \voffset=0.0pt
* \mag=1000
* \@twocolumnfalse
* \@twosidefalse
* \@mparswitchfalse
* \@reversemarginfalse
* (1in=72.27pt=25.4mm, 1cm=28.453pt)

LaTeX Font Info:    Trying to load font information for T1+lmss on input line 71.
(/Users/bmhi/Library/TinyTeX/texmf-dist/tex/latex/lm/t1lmss.fd
File: t1lmss.fd 2015/05/01 v1.6.1 Font defs for Latin Modern
)
Package microtype Info: Loading generic protrusion settings for font family
(microtype)             `lmss' (encoding: T1).
(microtype)             For optimal results, create family-specific settings.
(microtype)             See the microtype manual for details.
LaTeX Font Info:    Trying to load font information for OT1+lmr on input line 71.
 (/Users/bmhi/Library/TinyTeX/texmf-dist/tex/latex/lm/ot1lmr.fd
File: ot1lmr.fd 2015/05/01 v1.6.1 Font defs for Latin Modern
)
LaTeX Font Info:    Trying to load font information for OML+lmm on input line 71.
 (/Users/bmhi/Library/TinyTeX/texmf-dist/tex/latex/lm/omllmm.fd
File: omllmm.fd 2015/05/01 v1.6.1 Font defs for Latin Modern
)
LaTeX Font Info:    Trying to load font information for OMS+lmsy on input line 71.
 (/Users/bmhi/Library/TinyTeX/texmf-dist/tex/latex/lm/omslmsy.fd
File: omslmsy.fd 2015/05/01 v1.6.1 Font defs for Latin Modern
)
LaTeX Font Info:    Trying to load font information for OMX+lmex on input line 71.
 (/Users/bmhi/Library/TinyTeX/texmf-dist/tex/latex/lm/omxlmex.fd
File: omxlmex.fd 2015/05/01 v1.6.1 Font defs for Latin Modern
)
LaTeX Font Info:    External font `lmex10' loaded for size
(Font)              <12> on input line 71.
LaTeX Font Info:    External font `lmex10' loaded for size
(Font)              <8> on input line 71.
LaTeX Font Info:    External font `lmex10' loaded for size
(Font)              <6> on input line 71.
LaTeX Font Info:    Trying to load font information for U+msa on input line 71.
 (/Users/bmhi/Library/TinyTeX/texmf-dist/tex/latex/amsfonts/umsa.fd
File: umsa.fd 2013/01/14 v3.01 AMS symbols A
) (/Users/bmhi/Library/TinyTeX/texmf-dist/tex/latex/microtype/mt-msa.cfg
File: mt-msa.cfg 2006/02/04 v1.1 microtype config. file: AMS symbols (a) (RS)
)
LaTeX Font Info:    Trying to load font information for U+msb on input line 71.
 (/Users/bmhi/Library/TinyTeX/texmf-dist/tex/latex/amsfonts/umsb.fd
File: umsb.fd 2013/01/14 v3.01 AMS symbols B
) (/Users/bmhi/Library/TinyTeX/texmf-dist/tex/latex/microtype/mt-msb.cfg
File: mt-msb.cfg 2005/06/01 v1.0 microtype config. file: AMS symbols (b) (RS)
)
LaTeX Font Info:    Trying to load font information for T1+lmtt on input line 83.
 (/Users/bmhi/Library/TinyTeX/texmf-dist/tex/latex/lm/t1lmtt.fd
File: t1lmtt.fd 2015/05/01 v1.6.1 Font defs for Latin Modern
)
Package microtype Info: Loading generic protrusion settings for font family
(microtype)             `lmtt' (encoding: T1).
(microtype)             For optimal results, create family-specific settings.
(microtype)             See the microtype manual for details.
 [1

{/Users/bmhi/Library/TinyTeX/texmf-var/fonts/map/pdftex/updmap/pdftex.map}{/Users/bmhi/Library/TinyTeX/texmf-dist/fonts/enc/dvips/lm/lm-ec.enc}]
Overfull \hbox (1.1886pt too wide) in paragraph at lines 115--116
 []\T1/lmr/bx/n/10.95 (-20) (C) Data Cat-a-logs and Stor-age Back-ends[] \T1/lmr/m/n/10.95 (-20) Tools like \T1/lmr/bx/n/10.95 (-20) pins \T1/lmr/m/n/10.95 (-20) [[]] and \T1/lmr/bx/n/10.95 (-20) ar-row::open_dataset()
 []

LaTeX Font Info:    External font `lmex10' loaded for size
(Font)              <10.95> on input line 124.

Underfull \hbox (badness 10000) in paragraph at lines 126--126
[]|\T1/lmr/bx/n/10.95 (+20) Representative
 []


Underfull \hbox (badness 10000) in paragraph at lines 128--128
[]|\T1/lmr/m/n/10.95 (+20) Snakemake,
 []


Underfull \hbox (badness 10000) in paragraph at lines 128--128
\T1/lmr/m/n/10.95 (+20) Nextflow, tar-gets,
 []


Underfull \hbox (badness 10000) in paragraph at lines 128--129
[]|\T1/lmr/m/n/10.95 (+20) Requires pre-de-fined
 []


Underfull \hbox (badness 10000) in paragraph at lines 128--129
\T1/lmr/m/n/10.95 (+20) pipeline; no ad-hoc
 []


Underfull \hbox (badness 2065) in paragraph at lines 129--130
[]|\T1/lmr/m/n/10.95 (+20) Coupled to ex-e-cu-tion
 []


Underfull \hbox (badness 1237) in paragraph at lines 130--131
[]|\T1/lmr/m/n/10.95 (+20) No au-to-matic lin-eage;
 []


Underfull \hbox (badness 3375) in paragraph at lines 131--131
[]|\T1/lmr/m/n/10.95 (+20) Interactive state
 []


Overfull \hbox (15.21484pt too wide) in paragraph at lines 124--134
 [][] 
 []

[2]
LaTeX Font Info:    Trying to load font information for TS1+lmr on input line 173.
 (/Users/bmhi/Library/TinyTeX/texmf-dist/tex/latex/lm/ts1lmr.fd
File: ts1lmr.fd 2015/05/01 v1.6.1 Font defs for Latin Modern
) [3
pdfTeX warning (ext4): destination with the same identifier (name{table.1}) has been already used, duplicate ignored
<argument> ...shipout:D \box_use:N \l_shipout_box 
                                                  \__shipout_drop_firstpage_...
l.182 \section{Implementation}
                              
pdfTeX warning (ext4): destination with the same identifier (name{table.2}) has been already used, duplicate ignored
<argument> ...shipout:D \box_use:N \l_shipout_box 
                                                  \__shipout_drop_firstpage_...
l.182 \section{Implementation}
                              {/Users/bmhi/Library/TinyTeX/texmf-dist/fonts/enc/dvips/lm/lm-ts1.enc}]
Package hyperref Info: bookmark level for unknown lstlisting defaults to 0 on input line 193.
 [4{/Users/bmhi/Library/TinyTeX/texmf-dist/fonts/enc/dvips/lm/lm-mathit.enc}]
Overfull \hbox (21.34804pt too wide) in paragraph at lines 250--251
[]\T1/lmr/m/n/10.95 (-20) The di-rected acyclic graph (DAG) of de-pen-den-cies be-tween \T1/lmr/m/it/10.95 (-20) dataset names \T1/lmr/m/n/10.95 (-20) (ta-ble/object/view
 []

LaTeX Font Info:    External font `lmex10' loaded for size
(Font)              <10> on input line 278.
LaTeX Font Info:    External font `lmex10' loaded for size
(Font)              <7> on input line 278.
LaTeX Font Info:    External font `lmex10' loaded for size
(Font)              <5> on input line 278.

Overfull \hbox (76.2508pt too wide) in paragraph at lines 264--280
 [][] 
 []

[5] [6
pdfTeX warning (ext4): destination with the same identifier (name{table.3}) has been already used, duplicate ignored
<argument> ...shipout:D \box_use:N \l_shipout_box 
                                                  \__shipout_drop_firstpage_...
l.310 \end{lstlisting}
                      {/Users/bmhi/Library/TinyTeX/texmf-dist/fonts/enc/dvips/lm/lm-rm.enc}{/Users/bmhi/Library/TinyTeX/texmf-dist/fonts/enc/dvips/lm/lm-mathex.enc}]
Overfull \hbox (42.87744pt too wide) in paragraph at lines 316--317
[]\T1/lmr/m/n/10.95 (-20) User-defined name cre-ated via \T1/lmtt/m/n/10.95 snap() \T1/lmr/m/n/10.95 (-20) (e.g., \T1/lmtt/m/n/10.95 "v1.0_complete"\T1/lmr/m/n/10.95 (-20) , \T1/lmtt/m/n/10.95 "submission_final"\T1/lmr/m/n/10.95 (-20) ).
 []


Underfull \hbox (badness 10000) in paragraph at lines 347--347
[]|\T1/lmtt/m/n/10.95 table_name, tag, snapshot,
 []


Underfull \hbox (badness 10000) in paragraph at lines 348--348
[]|\T1/lmtt/m/n/10.95 name, version_ts, mime,
 []


Underfull \hbox (badness 3049) in paragraph at lines 348--349
[]|\T1/lmr/m/n/10.95 (+20) Append-only ob-ject his-tory; each
 []


Underfull \hbox (badness 10000) in paragraph at lines 348--349
\T1/lmtt/m/n/10.95 ol_save\T1/lmr/m/n/10.95 (+20) /\T1/lmtt/m/n/10.95 lake$put \T1/lmr/m/n/10.95 (+20) on object-type
 []


Overfull \hbox (18.06067pt too wide) in paragraph at lines 349--349
[]|\T1/lmtt/m/n/10.95 __ol_dependencies| 
 []


Underfull \hbox (badness 10000) in paragraph at lines 349--349
[]|\T1/lmtt/m/n/10.95 child_name, parent_name,
 []

[7
pdfTeX warning (ext4): destination with the same identifier (name{table.4}) has been already used, duplicate ignored
<argument> ...shipout:D \box_use:N \l_shipout_box 
                                                  \__shipout_drop_firstpage_...
l.359 
      ]
Overfull \hbox (10.96425pt too wide) in paragraph at lines 418--419
 []\T1/lmr/bx/n/10.95 (-20) The De-pen-den-cy-Tracker Class[] \T1/lmr/m/n/10.95 (-20) For op-er-a-tions out-side dplyr pipelines, the \T1/lmtt/m/n/10.95 DependencyTracker
 []

[8] [9]
Overfull \hbox (16.27388pt too wide) in paragraph at lines 476--477
[]\T1/lmr/bx/n/10.95 (-20) dplyr op-er-a-tions only\T1/lmr/m/n/10.95 (-20) : Stan-dard dplyr verbs (\T1/lmtt/m/n/10.95 filter()\T1/lmr/m/n/10.95 (-20) , \T1/lmtt/m/n/10.95 select()\T1/lmr/m/n/10.95 (-20) , \T1/lmtt/m/n/10.95 mutate()\T1/lmr/m/n/10.95 (-20) , \T1/lmtt/m/n/10.95 summarize()\T1/lmr/m/n/10.95 (-20) ,
 []

LaTeX Font Info:    Font shape `T1/lmtt/bx/n' in size <10.95> not available
(Font)              Font shape `T1/lmtt/b/n' tried instead on input line 477.
[10
pdfTeX warning (ext4): destination with the same identifier (name{table.5}) has been already used, duplicate ignored
<argument> ...shipout:D \box_use:N \l_shipout_box 
                                                  \__shipout_drop_firstpage_...
l.523 
      {/Users/bmhi/Library/TinyTeX/texmf-dist/fonts/enc/dvips/lm/lm-mathsy.enc}] [11] [12]
Overfull \hbox (44.2494pt too wide) in paragraph at lines 611--612
 []\T1/lmr/bx/n/10.95 (-20) Operational Di-ag-nos-tics[] \T1/lmr/m/n/10.95 (-20) For op-er-a-tional trou-bleshoot-ing, op-tional di-ag-nos-tic util-i-ties (\T1/lmtt/m/n/10.95 lake_repair()\T1/lmr/m/n/10.95 (-20) ,
 []


Overfull \hbox (281.31148pt too wide) in paragraph at lines 629--645
 [][] 
 []

[13
pdfTeX warning (ext4): destination with the same identifier (name{table.6}) has been already used, duplicate ignored
<argument> ...shipout:D \box_use:N \l_shipout_box 
                                                  \__shipout_drop_firstpage_...
l.650 
      ] [14]
Overfull \hbox (30.69124pt too wide) in paragraph at lines 679--691
 [][] 
 []

[15
pdfTeX warning (ext4): destination with the same identifier (name{table.7}) has been already used, duplicate ignored
<argument> ...shipout:D \box_use:N \l_shipout_box 
                                                  \__shipout_drop_firstpage_...
l.731 
      ]
Overfull \hbox (289.26604pt too wide) in paragraph at lines 774--786
 [][] 
 []

[16
pdfTeX warning (ext4): destination with the same identifier (name{table.8}) has been already used, duplicate ignored
<argument> ...shipout:D \box_use:N \l_shipout_box 
                                                  \__shipout_drop_firstpage_...
l.787 
      ] [17
pdfTeX warning (ext4): destination with the same identifier (name{table.9}) has been already used, duplicate ignored
<argument> ...shipout:D \box_use:N \l_shipout_box 
                                                  \__shipout_drop_firstpage_...
l.820 \end{enumerate}
                     ] [18]
Overfull \hbox (46.66327pt too wide) in paragraph at lines 856--857
\T1/lmr/m/n/10.95 (-20) af-ter chunk in-ges-tion, users should cre-ate an ex-plicit snap-shot la-bel (e.g., \T1/lmtt/m/n/10.95 lake$snap("post_chunk_load")\T1/lmr/m/n/10.95 (-20) ). 
 []

[19]
Overfull \hbox (49.45236pt too wide) in paragraph at lines 884--885
 []\T1/lmr/bx/n/10.95 (-20) Environmental Scope[] \T1/lmr/m/n/10.95 (-20) RT-003 used sim-u-lated trans-fer bound-aries (log-i-cal Lo-calDev/Docker/HPC/Cloud
 []

[20]
Underfull \hbox (badness 2653) in paragraph at lines 950--950
[]|\T1/lmr/m/n/10.95 (+20) Different team, same
 []


Underfull \hbox (badness 4193) in paragraph at lines 951--952
[]|\T1/lmr/m/n/10.95 (+20) Intermediate state cap-ture, pa-
 []

[21
pdfTeX warning (ext4): destination with the same identifier (name{table.10}) has been already used, duplicate ignored
<argument> ...shipout:D \box_use:N \l_shipout_box 
                                                  \__shipout_drop_firstpage_...
l.964     \item[CI:]
                     Confidence Interval]
Overfull \hbox (15.31033pt too wide) in paragraph at lines 979--980
[]\T1/lmr/m/n/10.95 (-20) Git re-vi-sion \T1/lmtt/m/n/10.95 9ff7a9968b74eff68d6980c5f4cb9762336fb37e
 []

[22] (./main.bbl [23]
Underfull \hbox (badness 4995) in paragraph at lines 127--131
[]\T1/lmr/m/n/10.95 (+20) Yusuke Mat-sui.  Omic-slake manuscript re-pro-ducibil-ity snap-shot (git re-vi-sion
 []


Underfull \hbox (badness 10000) in paragraph at lines 127--131
\T1/lmr/m/n/10.95 (+20) 9ff7a9968b74eff68d6980c5f4cb9762336fb37e).  [][]$\T1/lmtt/m/n/10.95 https : / / github . com / matsui-[]lab /
 []


Underfull \hbox (badness 10000) in paragraph at lines 127--131
\T1/lmtt/m/n/10.95 OmicsLake / archive / 9ff7a9968b74eff68d6980c5f4cb9762336fb37e . tar . gz$[][]\T1/lmr/m/n/10.95 (+20) , 2026.
 []

) [24]
<../figures/output/submission_bundle_gigascience/Figure1_Architecture.pdf, id=609, 578.16pt x 505.89pt>
File: ../figures/output/submission_bundle_gigascience/Figure1_Architecture.pdf Graphic file (type pdf)
<use ../figures/output/submission_bundle_gigascience/Figure1_Architecture.pdf>
Package pdftex.def Info: ../figures/output/submission_bundle_gigascience/Figure1_Architecture.pdf  used on input line 1051.
(pdftex.def)             Requested size: 432.48051pt x 378.42078pt.
 [25

] [26
pdfTeX warning (ext4): destination with the same identifier (name{figure.1}) has been already used, duplicate ignored
<argument> ...shipout:D \box_use:N \l_shipout_box 
                                                  \__shipout_drop_firstpage_...
l.1056 \clearpage
                  <../figures/output/submission_bundle_gigascience/Figure1_Architecture.pdf>]
<../figures/output/submission_bundle_gigascience/Figure2_LineageWorkflow.pdf, id=631, 722.7pt x 433.62pt>
File: ../figures/output/submission_bundle_gigascience/Figure2_LineageWorkflow.pdf Graphic file (type pdf)
<use ../figures/output/submission_bundle_gigascience/Figure2_LineageWorkflow.pdf>
Package pdftex.def Info: ../figures/output/submission_bundle_gigascience/Figure2_LineageWorkflow.pdf  used on input line 1059.
(pdftex.def)             Requested size: 446.13727pt x 267.68373pt.
 [27
pdfTeX warning (ext4): destination with the same identifier (name{figure.2}) has been already used, duplicate ignored
<argument> ...shipout:D \box_use:N \l_shipout_box 
                                                  \__shipout_drop_firstpage_...
l.1064 \clearpage
                  <../figures/output/submission_bundle_gigascience/Figure2_LineageWorkflow.pdf>]
<../figures/output/submission_bundle_gigascience/Figure3_PerformanceBenchmarks.pdf, id=650, 722.7pt x 433.62pt>
File: ../figures/output/submission_bundle_gigascience/Figure3_PerformanceBenchmarks.pdf Graphic file (type pdf)
<use ../figures/output/submission_bundle_gigascience/Figure3_PerformanceBenchmarks.pdf>
Package pdftex.def Info: ../figures/output/submission_bundle_gigascience/Figure3_PerformanceBenchmarks.pdf  used on input line 1067.
(pdftex.def)             Requested size: 432.48051pt x 259.48589pt.
 [28
pdfTeX warning (ext4): destination with the same identifier (name{figure.3}) has been already used, duplicate ignored
<argument> ...shipout:D \box_use:N \l_shipout_box 
                                                  \__shipout_drop_firstpage_...
l.1072 \clearpage
                  <../figures/output/submission_bundle_gigascience/Figure3_PerformanceBenchmarks.pdf>]
<../figures/output/submission_bundle_gigascience/Figure4_ReproducibilityWorkflow.pdf, id=662, 867.24pt x 578.16pt>
File: ../figures/output/submission_bundle_gigascience/Figure4_ReproducibilityWorkflow.pdf Graphic file (type pdf)
<use ../figures/output/submission_bundle_gigascience/Figure4_ReproducibilityWorkflow.pdf>
Package pdftex.def Info: ../figures/output/submission_bundle_gigascience/Figure4_ReproducibilityWorkflow.pdf  used on input line 1075.
(pdftex.def)             Requested size: 432.48051pt x 288.32059pt.
 [29
pdfTeX warning (ext4): destination with the same identifier (name{figure.4}) has been already used, duplicate ignored
<argument> ...shipout:D \box_use:N \l_shipout_box 
                                                  \__shipout_drop_firstpage_...
l.1080 \clearpage
                  <../figures/output/submission_bundle_gigascience/Figure4_ReproducibilityWorkflow.pdf>]
<../figures/output/submission_bundle_gigascience/Figure5_ReproducibilityComparison.pdf, id=678, 794.97pt x 505.89pt>
File: ../figures/output/submission_bundle_gigascience/Figure5_ReproducibilityComparison.pdf Graphic file (type pdf)
<use ../figures/output/submission_bundle_gigascience/Figure5_ReproducibilityComparison.pdf>
Package pdftex.def Info: ../figures/output/submission_bundle_gigascience/Figure5_ReproducibilityComparison.pdf  used on input line 1083.
(pdftex.def)             Requested size: 432.48051pt x 275.22212pt.
 [30
pdfTeX warning (ext4): destination with the same identifier (name{figure.5}) has been already used, duplicate ignored
<argument> ...shipout:D \box_use:N \l_shipout_box 
                                                  \__shipout_drop_firstpage_...
l.1088 \clearpage
                  <../figures/output/submission_bundle_gigascience/Figure5_ReproducibilityComparison.pdf>]
<../figures/output/submission_bundle_gigascience/Figure6_StorageEfficiency.pdf, id=691, 867.24pt x 722.7pt>
File: ../figures/output/submission_bundle_gigascience/Figure6_StorageEfficiency.pdf Graphic file (type pdf)
<use ../figures/output/submission_bundle_gigascience/Figure6_StorageEfficiency.pdf>
Package pdftex.def Info: ../figures/output/submission_bundle_gigascience/Figure6_StorageEfficiency.pdf  used on input line 1091.
(pdftex.def)             Requested size: 432.48051pt x 360.40074pt.
 [31
pdfTeX warning (ext4): destination with the same identifier (name{figure.6}) has been already used, duplicate ignored
<argument> ...shipout:D \box_use:N \l_shipout_box 
                                                  \__shipout_drop_firstpage_...
l.1096 \clearpage
                  <../figures/output/submission_bundle_gigascience/Figure6_StorageEfficiency.pdf>]
<../figures/output/submission_bundle_gigascience/FigureS1_LineageGraph.pdf, id=705, 1011.78pt x 433.62pt>
File: ../figures/output/submission_bundle_gigascience/FigureS1_LineageGraph.pdf Graphic file (type pdf)
<use ../figures/output/submission_bundle_gigascience/FigureS1_LineageGraph.pdf>
Package pdftex.def Info: ../figures/output/submission_bundle_gigascience/FigureS1_LineageGraph.pdf  used on input line 1099.
(pdftex.def)             Requested size: 446.13727pt x 191.20361pt.
 [32
pdfTeX warning (ext4): destination with the same identifier (name{figure.7}) has been already used, duplicate ignored
<argument> ...shipout:D \box_use:N \l_shipout_box 
                                                  \__shipout_drop_firstpage_...
l.1104 \clearpage
                  <../figures/output/submission_bundle_gigascience/FigureS1_LineageGraph.pdf>]
<../figures/output/submission_bundle_gigascience/FigureS2_MajorResultsDashboard.pdf, id=719, 1084.05pt x 722.7pt>
File: ../figures/output/submission_bundle_gigascience/FigureS2_MajorResultsDashboard.pdf Graphic file (type pdf)
<use ../figures/output/submission_bundle_gigascience/FigureS2_MajorResultsDashboard.pdf>
Package pdftex.def Info: ../figures/output/submission_bundle_gigascience/FigureS2_MajorResultsDashboard.pdf  used on input line 1107.
(pdftex.def)             Requested size: 446.13727pt x 297.42268pt.
 [33
pdfTeX warning (ext4): destination with the same identifier (name{figure.8}) has been already used, duplicate ignored
<argument> ...shipout:D \box_use:N \l_shipout_box 
                                                  \__shipout_drop_firstpage_...
l.1115 \clearpage
                  <../figures/output/submission_bundle_gigascience/FigureS2_MajorResultsDashboard.pdf>]
Overfull \hbox (82.97487pt too wide) in paragraph at lines 1142--1152
 [][] 
 []


Overfull \hbox (136.59137pt too wide) in paragraph at lines 1154--1155
\T1/lmr/m/n/10.95 (-20) Source: \T1/lmtt/m/n/10.95 inst/paper/results_extended_comparison.csv \T1/lmr/m/n/10.95 (-20) (Join rows), gen-er-ated by \T1/lmtt/m/n/10.95 inst/paper/03_actual_benchmarks.R\T1/lmr/m/n/10.95 (-20) . 
 []

[34









pdfTeX warning (ext4): destination with the same identifier (name{table.11}) has been already used, duplicate ignored
<argument> ...shipout:D \box_use:N \l_shipout_box 
                                                  \__shipout_drop_firstpage_...
l.1176 #
         Structural data verification (character, factor, nested objects)]
Overfull \hbox (48.92369pt too wide) in paragraph at lines 1208--1219
 [][] 
 []

[35]
Overfull \hbox (123.64334pt too wide) in paragraph at lines 1242--1254
 [][] 
 []

[36
pdfTeX warning (ext4): destination with the same identifier (name{table.12}) has been already used, duplicate ignored
<argument> ...shipout:D \box_use:N \l_shipout_box 
                                                  \__shipout_drop_firstpage_...
l.1256 \end{document}
                     
pdfTeX warning (ext4): destination with the same identifier (name{table.13}) has been already used, duplicate ignored
<argument> ...shipout:D \box_use:N \l_shipout_box 
                                                  \__shipout_drop_firstpage_...
l.1256 \end{document}
                     ] (./main.aux)
 ***********
LaTeX2e <2025-11-01>
L3 programming layer <2026-01-19>
 ***********
Package rerunfilecheck Info: File `main.out' has not changed.
(rerunfilecheck)             Checksum: 7344933132692854DCC8E76EDF4CC0E8;9045.
 ) 
Here is how much of TeX's memory you used:
 17086 strings out of 469514
 262315 string characters out of 5469206
 1162290 words of memory out of 5000000
 44876 multiletter control sequences out of 15000+600000
 716946 words of font info for 237 fonts, out of 8000000 for 9000
 14 hyphenation exceptions out of 8191
 75i,12n,79p,1595b,2067s stack positions out of 10000i,1000n,20000p,200000b,200000s
</Users/bmhi/Library/TinyTeX/texmf-dist/fonts/type1/public/lm/lmbx10.pfb></Users/bmhi/Library/TinyTeX/texmf-dist/fonts/type1/public/lm/lmbx12.pfb></Users/bmhi/Library/TinyTeX/texmf-dist/fonts/type1/public/lm/lmex10.pfb></Users/bmhi/Library/TinyTeX/texmf-dist/fonts/type1/public/lm/lmmi10.pfb></Users/bmhi/Library/TinyTeX/texmf-dist/fonts/type1/public/lm/lmmi7.pfb></Users/bmhi/Library/TinyTeX/texmf-dist/fonts/type1/public/lm/lmmi8.pfb></Users/bmhi/Library/TinyTeX/texmf-dist/fonts/type1/public/lm/lmr10.pfb></Users/bmhi/Library/TinyTeX/texmf-dist/fonts/type1/public/lm/lmr12.pfb></Users/bmhi/Library/TinyTeX/texmf-dist/fonts/type1/public/lm/lmr17.pfb></Users/bmhi/Library/TinyTeX/texmf-dist/fonts/type1/public/lm/lmr7.pfb></Users/bmhi/Library/TinyTeX/texmf-dist/fonts/type1/public/lm/lmr8.pfb></Users/bmhi/Library/TinyTeX/texmf-dist/fonts/type1/public/lm/lmr9.pfb></Users/bmhi/Library/TinyTeX/texmf-dist/fonts/type1/public/lm/lmri10.pfb></Users/bmhi/Library/TinyTeX/texmf-dist/fonts/type1/public/lm/lmss8.pfb></Users/bmhi/Library/TinyTeX/texmf-dist/fonts/type1/public/lm/lmsy10.pfb></Users/bmhi/Library/TinyTeX/texmf-dist/fonts/type1/public/lm/lmsy8.pfb></Users/bmhi/Library/TinyTeX/texmf-dist/fonts/type1/public/lm/lmtk10.pfb></Users/bmhi/Library/TinyTeX/texmf-dist/fonts/type1/public/lm/lmtt10.pfb></Users/bmhi/Library/TinyTeX/texmf-dist/fonts/type1/public/amsfonts/symbols/msam10.pfb>
Output written on main.pdf (36 pages, 535746 bytes).
PDF statistics:
 938 PDF objects out of 1000 (max. 8388607)
 832 compressed objects within 9 object streams
 344 named destinations out of 1000 (max. 500000)
 49017 words of extra memory for PDF output out of 51595 (max. 10000000)

